Using pre-set license
Built from '2020.2/china_unity/release' branch; Version is '2020.2.3f1c1 (0868e01cc8b5) revision 551136'; Using compiler version '192528614'; Build Type 'Release'
OS: 'Windows 10 Pro; OS build 19042.985; Version 2009; 64bit' Language: 'zh' Physical Memory: 16321 MB
BatchMode: 1, IsHumanControllingUs: 0, StartBugReporterOnCrash: 0, Is64bit: 1, IsPro: 0

 COMMAND LINE ARGUMENTS:
E:\Program Files\Unity\Editor\Unity.exe
-adb2
-batchMode
-noUpm
-name
AssetImportWorker0
-projectPath
E:/Programming/GameProjects/HavokPhysicsTest
-logFile
Logs/AssetImportWorker0.log
-srvPort
61986
Successfully changed project path to: E:/Programming/GameProjects/HavokPhysicsTest
E:/Programming/GameProjects/HavokPhysicsTest
Using Asset Import Pipeline V2.
Refreshing native plugins compatible for Editor in 34.29 ms, found 0 plugins.
Preloading 0 native plugins for Editor in 0.00 ms.
Initialize engine version: 2020.2.3f1c1 (0868e01cc8b5)
[Subsystems] Discovering subsystems at path E:/Program Files/Unity/Editor/Data/Resources/UnitySubsystems
[Subsystems] Discovering subsystems at path E:/Programming/GameProjects/HavokPhysicsTest/Assets
GfxDevice: creating device client; threaded=0
Direct3D:
    Version:  Direct3D 11.0 [level 11.1]
    Renderer: NVIDIA GeForce GTX 1050 Ti (ID=0x1c82)
    Vendor:   
    VRAM:     4018 MB
    Driver:   27.21.14.5671
Initialize mono
Mono path[0] = 'E:/Program Files/Unity/Editor/Data/Managed'
Mono path[1] = 'E:/Program Files/Unity/Editor/Data/MonoBleedingEdge/lib/mono/unityjit'
Mono config path = 'E:/Program Files/Unity/Editor/Data/MonoBleedingEdge/etc'
Using monoOptions --debugger-agent=transport=dt_socket,embedding=1,server=y,suspend=n,address=127.0.0.1:56368
Begin MonoManager ReloadAssembly
Registering precompiled unity dll's ...
Register platform support module: E:/Program Files/Unity/Editor/Data/PlaybackEngines/WindowsStandaloneSupport/UnityEditor.WindowsStandalone.Extensions.dll
Registered in 0.001259 seconds.
Native extension for WindowsStandalone target not found
Refreshing native plugins compatible for Editor in 28.67 ms, found 0 plugins.
Preloading 0 native plugins for Editor in 0.00 ms.
Invoked RoslynAnalysisRunner static constructor.
RoslynAnalysisRunner will not be running.
RoslynAnalysisRunner has terminated.
Mono: successfully reloaded assembly
- Completed reload, in  0.846 seconds
Platform modules already initialized, skipping
Registering precompiled user dll's ...
Registered in 0.000747 seconds.
Begin MonoManager ReloadAssembly
Native extension for WindowsStandalone target not found
Refreshing native plugins compatible for Editor in 0.25 ms, found 0 plugins.
Preloading 0 native plugins for Editor in 0.00 ms.
Invoked RoslynAnalysisRunner static constructor.
RoslynAnalysisRunner will not be running.
RoslynAnalysisRunner has terminated.
Mono: successfully reloaded assembly
- Completed reload, in  1.389 seconds
Platform modules already initialized, skipping
========================================================================
Worker process is ready to serve import requests
Launched and connected shader compiler UnityShaderCompiler.exe after 0.05 seconds
Refreshing native plugins compatible for Editor in 0.24 ms, found 0 plugins.
Preloading 0 native plugins for Editor in 0.00 ms.
Unloading 1300 Unused Serialized files (Serialized files now loaded: 0)
System memory in use before: 68.1 MB.
System memory in use after: 68.2 MB.

Unloading 9 unused Assets to reduce memory usage. Loaded Objects now: 1742.
Total: 3.327600 ms (FindLiveObjects: 0.479600 ms CreateObjectMapping: 0.150900 ms MarkObjects: 2.616900 ms  DeleteObjects: 0.078600 ms)

========================================================================
Received Import Request.
  path: Assets/Script/Editor/PhysicsShapeEditor.cs
  artifactKey: Guid(8cba4f0bfc15055488135ea6b54ccff0) Importer(815301076,1909f56bfc062723c751e8b465ee728b)
Start importing Assets/Script/Editor/PhysicsShapeEditor.cs using Guid(8cba4f0bfc15055488135ea6b54ccff0) Importer(815301076,1909f56bfc062723c751e8b465ee728b)  -> (artifact id: 'e4a727822157d0bc411ca2b9eabb834e') in 0.030910 seconds
  Import took 0.033759 seconds .

========================================================================
Received Import Request.
  Time since last request: 0.000447 seconds.
  path: Assets/Script/Editor/PhysicsShapeEditorTool.cs
  artifactKey: Guid(cb429e486af81384e9f5c9ce095257a8) Importer(815301076,1909f56bfc062723c751e8b465ee728b)
Start importing Assets/Script/Editor/PhysicsShapeEditorTool.cs using Guid(cb429e486af81384e9f5c9ce095257a8) Importer(815301076,1909f56bfc062723c751e8b465ee728b)  -> (artifact id: '622b0b6e05582f0d3d484eb3c7fbe695') in 0.001512 seconds
  Import took 0.003529 seconds .

========================================================================
Received Prepare
Registering precompiled user dll's ...
Registered in 0.001116 seconds.
Begin MonoManager ReloadAssembly
Native extension for WindowsStandalone target not found
Refreshing native plugins compatible for Editor in 0.25 ms, found 0 plugins.
Preloading 0 native plugins for Editor in 0.00 ms.
Invoked RoslynAnalysisRunner static constructor.
RoslynAnalysisRunner will not be running.
RoslynAnalysisRunner has terminated.
Mono: successfully reloaded assembly
- Completed reload, in  0.875 seconds
Platform modules already initialized, skipping
Refreshing native plugins compatible for Editor in 0.25 ms, found 0 plugins.
Preloading 0 native plugins for Editor in 0.00 ms.
Unloading 1294 Unused Serialized files (Serialized files now loaded: 0)
System memory in use before: 68.0 MB.
System memory in use after: 68.1 MB.

Unloading 4 unused Assets to reduce memory usage. Loaded Objects now: 1744.
Total: 2.236600 ms (FindLiveObjects: 0.305800 ms CreateObjectMapping: 0.139500 ms MarkObjects: 1.760100 ms  DeleteObjects: 0.029300 ms)

========================================================================
Received Import Request.
  Time since last request: 329.023506 seconds.
  path: Assets/Script/Editor/PhysicsShapeEditorTool.cs
  artifactKey: Guid(cb429e486af81384e9f5c9ce095257a8) Importer(815301076,1909f56bfc062723c751e8b465ee728b)
Start importing Assets/Script/Editor/PhysicsShapeEditorTool.cs using Guid(cb429e486af81384e9f5c9ce095257a8) Importer(815301076,1909f56bfc062723c751e8b465ee728b)  -> (artifact id: '8d0e4d76a60097a298039fc021e5d123') in 0.004805 seconds
  Import took 0.008348 seconds .

========================================================================
Received Prepare
Registering precompiled user dll's ...
Registered in 0.000691 seconds.
Begin MonoManager ReloadAssembly
Native extension for WindowsStandalone target not found
Refreshing native plugins compatible for Editor in 0.44 ms, found 0 plugins.
Preloading 0 native plugins for Editor in 0.00 ms.
Invoked RoslynAnalysisRunner static constructor.
RoslynAnalysisRunner will not be running.
RoslynAnalysisRunner has terminated.
Mono: successfully reloaded assembly
- Completed reload, in  0.940 seconds
Platform modules already initialized, skipping
Refreshing native plugins compatible for Editor in 0.41 ms, found 0 plugins.
Preloading 0 native plugins for Editor in 0.00 ms.
Unloading 1294 Unused Serialized files (Serialized files now loaded: 0)
System memory in use before: 68.0 MB.
System memory in use after: 68.1 MB.

Unloading 4 unused Assets to reduce memory usage. Loaded Objects now: 1746.
Total: 3.034300 ms (FindLiveObjects: 0.254000 ms CreateObjectMapping: 0.133300 ms MarkObjects: 2.620200 ms  DeleteObjects: 0.024900 ms)

========================================================================
Received Prepare
Registering precompiled user dll's ...
Registered in 0.000642 seconds.
Begin MonoManager ReloadAssembly
Native extension for WindowsStandalone target not found
Refreshing native plugins compatible for Editor in 0.39 ms, found 0 plugins.
Preloading 0 native plugins for Editor in 0.00 ms.
Invoked RoslynAnalysisRunner static constructor.
RoslynAnalysisRunner will not be running.
RoslynAnalysisRunner has terminated.
Mono: successfully reloaded assembly
- Completed reload, in  0.908 seconds
Platform modules already initialized, skipping
Refreshing native plugins compatible for Editor in 0.24 ms, found 0 plugins.
Preloading 0 native plugins for Editor in 0.00 ms.
Unloading 1294 Unused Serialized files (Serialized files now loaded: 0)
System memory in use before: 68.1 MB.
System memory in use after: 68.2 MB.

Unloading 4 unused Assets to reduce memory usage. Loaded Objects now: 1748.
Total: 2.083200 ms (FindLiveObjects: 0.237800 ms CreateObjectMapping: 0.107900 ms MarkObjects: 1.689600 ms  DeleteObjects: 0.045300 ms)

========================================================================
Received Prepare
Registering precompiled user dll's ...
Registered in 0.000762 seconds.
Begin MonoManager ReloadAssembly
Native extension for WindowsStandalone target not found
Refreshing native plugins compatible for Editor in 0.36 ms, found 0 plugins.
Preloading 0 native plugins for Editor in 0.00 ms.
Invoked RoslynAnalysisRunner static constructor.
RoslynAnalysisRunner will not be running.
RoslynAnalysisRunner has terminated.
Mono: successfully reloaded assembly
- Completed reload, in  0.831 seconds
Platform modules already initialized, skipping
Refreshing native plugins compatible for Editor in 0.28 ms, found 0 plugins.
Preloading 0 native plugins for Editor in 0.00 ms.
Unloading 1296 Unused Serialized files (Serialized files now loaded: 0)
System memory in use before: 68.1 MB.
System memory in use after: 68.2 MB.

Unloading 4 unused Assets to reduce memory usage. Loaded Objects now: 1752.
Total: 1.762000 ms (FindLiveObjects: 0.156900 ms CreateObjectMapping: 0.047600 ms MarkObjects: 1.544200 ms  DeleteObjects: 0.011800 ms)

========================================================================
Received Prepare
Registering precompiled user dll's ...
Registered in 0.000701 seconds.
Begin MonoManager ReloadAssembly
Native extension for WindowsStandalone target not found
Refreshing native plugins compatible for Editor in 0.26 ms, found 0 plugins.
Preloading 0 native plugins for Editor in 0.00 ms.
Invoked RoslynAnalysisRunner static constructor.
RoslynAnalysisRunner will not be running.
RoslynAnalysisRunner has terminated.
Mono: successfully reloaded assembly
- Completed reload, in  0.846 seconds
Platform modules already initialized, skipping
Refreshing native plugins compatible for Editor in 0.25 ms, found 0 plugins.
Preloading 0 native plugins for Editor in 0.00 ms.
Unloading 1296 Unused Serialized files (Serialized files now loaded: 0)
System memory in use before: 68.1 MB.
System memory in use after: 68.2 MB.

Unloading 4 unused Assets to reduce memory usage. Loaded Objects now: 1754.
Total: 2.152900 ms (FindLiveObjects: 0.232000 ms CreateObjectMapping: 0.101900 ms MarkObjects: 1.774000 ms  DeleteObjects: 0.042800 ms)

========================================================================
Received Prepare
Registering precompiled user dll's ...
Registered in 0.000735 seconds.
Begin MonoManager ReloadAssembly
Native extension for WindowsStandalone target not found
Refreshing native plugins compatible for Editor in 0.43 ms, found 0 plugins.
Preloading 0 native plugins for Editor in 0.00 ms.
Invoked RoslynAnalysisRunner static constructor.
RoslynAnalysisRunner will not be running.
RoslynAnalysisRunner has terminated.
Mono: successfully reloaded assembly
- Completed reload, in  1.050 seconds
Platform modules already initialized, skipping
Refreshing native plugins compatible for Editor in 0.28 ms, found 0 plugins.
Preloading 0 native plugins for Editor in 0.00 ms.
Unloading 1296 Unused Serialized files (Serialized files now loaded: 0)
System memory in use before: 68.1 MB.
System memory in use after: 68.2 MB.

Unloading 4 unused Assets to reduce memory usage. Loaded Objects now: 1756.
Total: 2.314900 ms (FindLiveObjects: 0.189300 ms CreateObjectMapping: 0.098500 ms MarkObjects: 2.009000 ms  DeleteObjects: 0.016700 ms)

========================================================================
Received Import Request.
  Time since last request: 2279.339845 seconds.
  path: Assets/Script/Editor
  artifactKey: Guid(1fc266dc8465818448b932a09f500287) Importer(815301076,1909f56bfc062723c751e8b465ee728b)
Start importing Assets/Script/Editor using Guid(1fc266dc8465818448b932a09f500287) Importer(815301076,1909f56bfc062723c751e8b465ee728b)  -> (artifact id: '22baccf87bbe7acc0c948ca203769e42') in 0.005982 seconds
  Import took 0.009753 seconds .

========================================================================
Received Import Request.
  Time since last request: 52.269119 seconds.
  path: Assets/Script/Editor/PhysicsListShape.cs
  artifactKey: Guid(ab5ae7f70669ebe4b8f76467e3223a93) Importer(815301076,1909f56bfc062723c751e8b465ee728b)
Start importing Assets/Script/Editor/PhysicsListShape.cs using Guid(ab5ae7f70669ebe4b8f76467e3223a93) Importer(815301076,1909f56bfc062723c751e8b465ee728b)  -> (artifact id: '44cd499ce451a46f06d4097ad1246730') in 0.002501 seconds
  Import took 0.006307 seconds .

========================================================================
Received Import Request.
  Time since last request: 0.000751 seconds.
  path: Assets/Script/Editor/PhysicsListShape.cs
  artifactKey: Guid(ab5ae7f70669ebe4b8f76467e3223a93) Importer(815301076,1909f56bfc062723c751e8b465ee728b)
Start importing Assets/Script/Editor/PhysicsListShape.cs using Guid(ab5ae7f70669ebe4b8f76467e3223a93) Importer(815301076,1909f56bfc062723c751e8b465ee728b)  -> (artifact id: '44cd499ce451a46f06d4097ad1246730') in 0.001803 seconds
  Import took 0.004800 seconds .

========================================================================
Received Prepare
Registering precompiled user dll's ...
Registered in 0.000578 seconds.
Begin MonoManager ReloadAssembly
Native extension for WindowsStandalone target not found
Refreshing native plugins compatible for Editor in 0.38 ms, found 0 plugins.
Preloading 0 native plugins for Editor in 0.00 ms.
Invoked RoslynAnalysisRunner static constructor.
RoslynAnalysisRunner will not be running.
RoslynAnalysisRunner has terminated.
Mono: successfully reloaded assembly
- Completed reload, in  0.890 seconds
Platform modules already initialized, skipping
Refreshing native plugins compatible for Editor in 0.25 ms, found 0 plugins.
Preloading 0 native plugins for Editor in 0.00 ms.
Unloading 1297 Unused Serialized files (Serialized files now loaded: 0)
System memory in use before: 68.2 MB.
System memory in use after: 68.3 MB.

Unloading 4 unused Assets to reduce memory usage. Loaded Objects now: 1759.
Total: 2.334600 ms (FindLiveObjects: 0.334100 ms CreateObjectMapping: 0.150500 ms MarkObjects: 1.822800 ms  DeleteObjects: 0.026100 ms)

========================================================================
Received Prepare
Registering precompiled user dll's ...
Registered in 0.000768 seconds.
Begin MonoManager ReloadAssembly
Native extension for WindowsStandalone target not found
Refreshing native plugins compatible for Editor in 0.26 ms, found 0 plugins.
Preloading 0 native plugins for Editor in 0.00 ms.
Invoked RoslynAnalysisRunner static constructor.
RoslynAnalysisRunner will not be running.
RoslynAnalysisRunner has terminated.
Mono: successfully reloaded assembly
- Completed reload, in  0.835 seconds
Platform modules already initialized, skipping
Refreshing native plugins compatible for Editor in 0.24 ms, found 0 plugins.
Preloading 0 native plugins for Editor in 0.00 ms.
Unloading 1297 Unused Serialized files (Serialized files now loaded: 0)
System memory in use before: 68.2 MB.
System memory in use after: 68.3 MB.

Unloading 4 unused Assets to reduce memory usage. Loaded Objects now: 1761.
Total: 1.899900 ms (FindLiveObjects: 0.148800 ms CreateObjectMapping: 0.048000 ms MarkObjects: 1.676600 ms  DeleteObjects: 0.025100 ms)

========================================================================
Received Import Request.
  Time since last request: 11050.139478 seconds.
  path: Assets/Script/Editor/PhysicsListShape.cs
  artifactKey: Guid(ab5ae7f70669ebe4b8f76467e3223a93) Importer(815301076,1909f56bfc062723c751e8b465ee728b)
Start importing Assets/Script/Editor/PhysicsListShape.cs using Guid(ab5ae7f70669ebe4b8f76467e3223a93) Importer(815301076,1909f56bfc062723c751e8b465ee728b)  -> (artifact id: '470934b4c6a4712fbb520a811731af8c') in 0.003661 seconds
  Import took 0.006154 seconds .

========================================================================
Received Prepare
Registering precompiled user dll's ...
Registered in 0.000686 seconds.
Begin MonoManager ReloadAssembly
Native extension for WindowsStandalone target not found
Refreshing native plugins compatible for Editor in 0.26 ms, found 0 plugins.
Preloading 0 native plugins for Editor in 0.00 ms.
Invoked RoslynAnalysisRunner static constructor.
RoslynAnalysisRunner will not be running.
RoslynAnalysisRunner has terminated.
Mono: successfully reloaded assembly
- Completed reload, in  0.897 seconds
Platform modules already initialized, skipping
Refreshing native plugins compatible for Editor in 0.25 ms, found 0 plugins.
Preloading 0 native plugins for Editor in 0.00 ms.
Unloading 1297 Unused Serialized files (Serialized files now loaded: 0)
System memory in use before: 68.2 MB.
System memory in use after: 68.3 MB.

Unloading 4 unused Assets to reduce memory usage. Loaded Objects now: 1763.
Total: 2.152600 ms (FindLiveObjects: 0.226500 ms CreateObjectMapping: 0.120900 ms MarkObjects: 1.758300 ms  DeleteObjects: 0.045900 ms)

========================================================================
Received Prepare
Registering precompiled user dll's ...
Registered in 0.001030 seconds.
Begin MonoManager ReloadAssembly
Native extension for WindowsStandalone target not found
Refreshing native plugins compatible for Editor in 0.25 ms, found 0 plugins.
Preloading 0 native plugins for Editor in 0.00 ms.
Invoked RoslynAnalysisRunner static constructor.
RoslynAnalysisRunner will not be running.
RoslynAnalysisRunner has terminated.
Mono: successfully reloaded assembly
- Completed reload, in  0.939 seconds
Platform modules already initialized, skipping
Refreshing native plugins compatible for Editor in 0.26 ms, found 0 plugins.
Preloading 0 native plugins for Editor in 0.00 ms.
Unloading 1297 Unused Serialized files (Serialized files now loaded: 0)
System memory in use before: 68.2 MB.
System memory in use after: 68.3 MB.

Unloading 4 unused Assets to reduce memory usage. Loaded Objects now: 1766.
Total: 2.070200 ms (FindLiveObjects: 0.281400 ms CreateObjectMapping: 0.073200 ms MarkObjects: 1.683000 ms  DeleteObjects: 0.030700 ms)

========================================================================
Received Prepare
Registering precompiled user dll's ...
Registered in 0.001028 seconds.
Begin MonoManager ReloadAssembly
Native extension for WindowsStandalone target not found
Refreshing native plugins compatible for Editor in 0.24 ms, found 0 plugins.
Preloading 0 native plugins for Editor in 0.00 ms.
Invoked RoslynAnalysisRunner static constructor.
RoslynAnalysisRunner will not be running.
RoslynAnalysisRunner has terminated.
Mono: successfully reloaded assembly
- Completed reload, in  0.847 seconds
Platform modules already initialized, skipping
Refreshing native plugins compatible for Editor in 0.25 ms, found 0 plugins.
Preloading 0 native plugins for Editor in 0.00 ms.
Unloading 1297 Unused Serialized files (Serialized files now loaded: 0)
System memory in use before: 68.2 MB.
System memory in use after: 68.3 MB.

Unloading 4 unused Assets to reduce memory usage. Loaded Objects now: 1768.
Total: 2.884300 ms (FindLiveObjects: 0.302000 ms CreateObjectMapping: 0.141700 ms MarkObjects: 2.417100 ms  DeleteObjects: 0.021400 ms)

========================================================================
Received Import Request.
  Time since last request: 3332.740501 seconds.
  path: Assets/Script/PhysicsStaticCompoundShape.cs
  artifactKey: Guid(27cffe47758527948b2e5f6a9b2c3c2e) Importer(815301076,1909f56bfc062723c751e8b465ee728b)
Start importing Assets/Script/PhysicsStaticCompoundShape.cs using Guid(27cffe47758527948b2e5f6a9b2c3c2e) Importer(815301076,1909f56bfc062723c751e8b465ee728b)  -> (artifact id: '874724fd01a256390563aa2963aee254') in 0.005884 seconds
  Import took 0.009047 seconds .

========================================================================
Received Prepare
Registering precompiled user dll's ...
Registered in 0.000857 seconds.
Begin MonoManager ReloadAssembly
Native extension for WindowsStandalone target not found
Refreshing native plugins compatible for Editor in 0.27 ms, found 0 plugins.
Preloading 0 native plugins for Editor in 0.00 ms.
Invoked RoslynAnalysisRunner static constructor.
RoslynAnalysisRunner will not be running.
RoslynAnalysisRunner has terminated.
Mono: successfully reloaded assembly
- Completed reload, in  1.175 seconds
Platform modules already initialized, skipping
Refreshing native plugins compatible for Editor in 0.26 ms, found 0 plugins.
Preloading 0 native plugins for Editor in 0.00 ms.
Unloading 1298 Unused Serialized files (Serialized files now loaded: 0)
System memory in use before: 68.2 MB.
System memory in use after: 68.3 MB.

Unloading 4 unused Assets to reduce memory usage. Loaded Objects now: 1771.
Total: 2.595400 ms (FindLiveObjects: 0.412900 ms CreateObjectMapping: 0.152400 ms MarkObjects: 2.000700 ms  DeleteObjects: 0.027700 ms)

========================================================================
Received Prepare
Registering precompiled user dll's ...
Registered in 0.001322 seconds.
Begin MonoManager ReloadAssembly
Native extension for WindowsStandalone target not found
Refreshing native plugins compatible for Editor in 0.24 ms, found 0 plugins.
Preloading 0 native plugins for Editor in 0.00 ms.
Invoked RoslynAnalysisRunner static constructor.
RoslynAnalysisRunner will not be running.
RoslynAnalysisRunner has terminated.
Mono: successfully reloaded assembly
- Completed reload, in  0.841 seconds
Platform modules already initialized, skipping
Refreshing native plugins compatible for Editor in 0.25 ms, found 0 plugins.
Preloading 0 native plugins for Editor in 0.00 ms.
Unloading 1298 Unused Serialized files (Serialized files now loaded: 0)
System memory in use before: 68.2 MB.
System memory in use after: 68.3 MB.

Unloading 4 unused Assets to reduce memory usage. Loaded Objects now: 1773.
Total: 2.396100 ms (FindLiveObjects: 0.251800 ms CreateObjectMapping: 0.142700 ms MarkObjects: 1.961000 ms  DeleteObjects: 0.038500 ms)

========================================================================
Received Import Request.
  Time since last request: 1618.676270 seconds.
  path: Assets/Script/PhysicsStaticCompoundShape.cs
  artifactKey: Guid(27cffe47758527948b2e5f6a9b2c3c2e) Importer(815301076,1909f56bfc062723c751e8b465ee728b)
Start importing Assets/Script/PhysicsStaticCompoundShape.cs using Guid(27cffe47758527948b2e5f6a9b2c3c2e) Importer(815301076,1909f56bfc062723c751e8b465ee728b)  -> (artifact id: 'bfd2a475be85b888b8bdeb66491d7c04') in 0.005619 seconds
  Import took 0.009653 seconds .

========================================================================
Received Import Request.
  Time since last request: 21.664909 seconds.
  path: Assets/Script/PhysicsShapeContainer.cs
  artifactKey: Guid(674d95de11d0b4d43a42eeab87198a3c) Importer(815301076,1909f56bfc062723c751e8b465ee728b)
Start importing Assets/Script/PhysicsShapeContainer.cs using Guid(674d95de11d0b4d43a42eeab87198a3c) Importer(815301076,1909f56bfc062723c751e8b465ee728b)  -> (artifact id: 'a5146f2f1a8d857052409503b8d181a1') in 0.001736 seconds
  Import took 0.004576 seconds .

========================================================================
Received Prepare
Registering precompiled user dll's ...
Registered in 0.000614 seconds.
Begin MonoManager ReloadAssembly
Native extension for WindowsStandalone target not found
Refreshing native plugins compatible for Editor in 0.28 ms, found 0 plugins.
Preloading 0 native plugins for Editor in 0.00 ms.
Invoked RoslynAnalysisRunner static constructor.
RoslynAnalysisRunner will not be running.
RoslynAnalysisRunner has terminated.
Mono: successfully reloaded assembly
- Completed reload, in  1.053 seconds
Platform modules already initialized, skipping
Refreshing native plugins compatible for Editor in 0.40 ms, found 0 plugins.
Preloading 0 native plugins for Editor in 0.00 ms.
Unloading 1299 Unused Serialized files (Serialized files now loaded: 0)
System memory in use before: 68.2 MB.
System memory in use after: 68.3 MB.

Unloading 4 unused Assets to reduce memory usage. Loaded Objects now: 1776.
Total: 2.302800 ms (FindLiveObjects: 0.321800 ms CreateObjectMapping: 0.157000 ms MarkObjects: 1.806900 ms  DeleteObjects: 0.015700 ms)

========================================================================
Received Prepare
Registering precompiled user dll's ...
Registered in 0.000704 seconds.
Begin MonoManager ReloadAssembly
Native extension for WindowsStandalone target not found
Refreshing native plugins compatible for Editor in 0.36 ms, found 0 plugins.
Preloading 0 native plugins for Editor in 0.00 ms.
Invoked RoslynAnalysisRunner static constructor.
RoslynAnalysisRunner will not be running.
RoslynAnalysisRunner has terminated.
Mono: successfully reloaded assembly
- Completed reload, in  1.021 seconds
Platform modules already initialized, skipping
Refreshing native plugins compatible for Editor in 0.25 ms, found 0 plugins.
Preloading 0 native plugins for Editor in 0.00 ms.
Unloading 1299 Unused Serialized files (Serialized files now loaded: 0)
System memory in use before: 68.2 MB.
System memory in use after: 68.3 MB.

Unloading 4 unused Assets to reduce memory usage. Loaded Objects now: 1778.
Total: 2.100900 ms (FindLiveObjects: 0.169400 ms CreateObjectMapping: 0.143000 ms MarkObjects: 1.749200 ms  DeleteObjects: 0.038200 ms)

========================================================================
Received Import Request.
  Time since last request: 114.197043 seconds.
  path: Assets/Script/PhysicsShapeContainer.cs
  artifactKey: Guid(674d95de11d0b4d43a42eeab87198a3c) Importer(815301076,1909f56bfc062723c751e8b465ee728b)
Start importing Assets/Script/PhysicsShapeContainer.cs using Guid(674d95de11d0b4d43a42eeab87198a3c) Importer(815301076,1909f56bfc062723c751e8b465ee728b)  -> (artifact id: 'a4dc1d156b04dd5811f35b2827f7e1af') in 0.006453 seconds
  Import took 0.011233 seconds .

========================================================================
Received Import Request.
  Time since last request: 1.821541 seconds.
  path: Assets/Script/PhysicsListShape.cs
  artifactKey: Guid(a333ecde92a59bd49a01f147c65c27d5) Importer(815301076,1909f56bfc062723c751e8b465ee728b)
Start importing Assets/Script/PhysicsListShape.cs using Guid(a333ecde92a59bd49a01f147c65c27d5) Importer(815301076,1909f56bfc062723c751e8b465ee728b)  -> (artifact id: 'c4d8d58a7482b6ed98e3e98491923b68') in 0.001894 seconds
  Import took 0.004605 seconds .

========================================================================
Received Import Request.
  Time since last request: 2.638352 seconds.
  path: Assets/Script/PhysicsBody.cs
  artifactKey: Guid(a79fa0ed245b7514ba47c4268200698e) Importer(815301076,1909f56bfc062723c751e8b465ee728b)
Start importing Assets/Script/PhysicsBody.cs using Guid(a79fa0ed245b7514ba47c4268200698e) Importer(815301076,1909f56bfc062723c751e8b465ee728b)  -> (artifact id: '9953d5f8b13e1e05686eab2075933ff6') in 0.001547 seconds
  Import took 0.004088 seconds .

========================================================================
Received Import Request.
  Time since last request: 0.002587 seconds.
  path: Assets/Script/PhysicsBody.cs
  artifactKey: Guid(a79fa0ed245b7514ba47c4268200698e) Importer(815301076,1909f56bfc062723c751e8b465ee728b)
Start importing Assets/Script/PhysicsBody.cs using Guid(a79fa0ed245b7514ba47c4268200698e) Importer(815301076,1909f56bfc062723c751e8b465ee728b)  -> (artifact id: '9953d5f8b13e1e05686eab2075933ff6') in 0.001299 seconds
  Import took 0.004080 seconds .

========================================================================
Received Import Request.
  Time since last request: 0.737415 seconds.
  path: Assets/Script/PhysicsApi.cs
  artifactKey: Guid(432fbee05702ec84cabeb5e352454ea5) Importer(815301076,1909f56bfc062723c751e8b465ee728b)
Start importing Assets/Script/PhysicsApi.cs using Guid(432fbee05702ec84cabeb5e352454ea5) Importer(815301076,1909f56bfc062723c751e8b465ee728b)  -> (artifact id: 'ed32d4001ad8fdb36255fb41b3534ff0') in 0.001359 seconds
  Import took 0.004397 seconds .

========================================================================
Received Import Request.
  Time since last request: 0.002654 seconds.
  path: Assets/Script/PhysicsApi.cs
  artifactKey: Guid(432fbee05702ec84cabeb5e352454ea5) Importer(815301076,1909f56bfc062723c751e8b465ee728b)
Start importing Assets/Script/PhysicsApi.cs using Guid(432fbee05702ec84cabeb5e352454ea5) Importer(815301076,1909f56bfc062723c751e8b465ee728b)  -> (artifact id: 'ed32d4001ad8fdb36255fb41b3534ff0') in 0.001384 seconds
  Import took 0.004712 seconds .

========================================================================
Received Import Request.
  Time since last request: 2.445396 seconds.
  path: Assets/Script/PhysicsShape.cs
  artifactKey: Guid(28c05039a7674a348b345b6c2bc08bf3) Importer(815301076,1909f56bfc062723c751e8b465ee728b)
Start importing Assets/Script/PhysicsShape.cs using Guid(28c05039a7674a348b345b6c2bc08bf3) Importer(815301076,1909f56bfc062723c751e8b465ee728b)  -> (artifact id: 'f1476b7f13097d1f9fc1dcfecde03a81') in 0.001568 seconds
  Import took 0.004416 seconds .

========================================================================
Received Import Request.
  Time since last request: 0.000899 seconds.
  path: Assets/Script/PhysicsShape.cs
  artifactKey: Guid(28c05039a7674a348b345b6c2bc08bf3) Importer(815301076,1909f56bfc062723c751e8b465ee728b)
Start importing Assets/Script/PhysicsShape.cs using Guid(28c05039a7674a348b345b6c2bc08bf3) Importer(815301076,1909f56bfc062723c751e8b465ee728b)  -> (artifact id: 'f1476b7f13097d1f9fc1dcfecde03a81') in 0.001507 seconds
  Import took 0.004425 seconds .

========================================================================
Received Import Request.
  Time since last request: 1.228325 seconds.
  path: Assets/Script/PhysicsStaticCompoundShape.cs
  artifactKey: Guid(27cffe47758527948b2e5f6a9b2c3c2e) Importer(815301076,1909f56bfc062723c751e8b465ee728b)
Start importing Assets/Script/PhysicsStaticCompoundShape.cs using Guid(27cffe47758527948b2e5f6a9b2c3c2e) Importer(815301076,1909f56bfc062723c751e8b465ee728b)  -> (artifact id: '62eb26357b638f952ba0962f394a3829') in 0.001664 seconds
  Import took 0.004619 seconds .

========================================================================
Received Prepare
Registering precompiled user dll's ...
Registered in 0.001022 seconds.
Begin MonoManager ReloadAssembly
Native extension for WindowsStandalone target not found
Refreshing native plugins compatible for Editor in 0.26 ms, found 0 plugins.
Preloading 0 native plugins for Editor in 0.00 ms.
Invoked RoslynAnalysisRunner static constructor.
RoslynAnalysisRunner will not be running.
RoslynAnalysisRunner has terminated.
Mono: successfully reloaded assembly
- Completed reload, in  0.894 seconds
Platform modules already initialized, skipping
Refreshing native plugins compatible for Editor in 0.24 ms, found 0 plugins.
Preloading 0 native plugins for Editor in 0.00 ms.
Unloading 1299 Unused Serialized files (Serialized files now loaded: 0)
System memory in use before: 68.2 MB.
System memory in use after: 68.3 MB.

Unloading 4 unused Assets to reduce memory usage. Loaded Objects now: 1780.
Total: 2.236800 ms (FindLiveObjects: 0.339700 ms CreateObjectMapping: 0.140400 ms MarkObjects: 1.731200 ms  DeleteObjects: 0.023800 ms)

========================================================================
Received Import Request.
  Time since last request: 156.557339 seconds.
  path: Assets/Script/PhysicsShapeContainer.cs
  artifactKey: Guid(674d95de11d0b4d43a42eeab87198a3c) Importer(815301076,1909f56bfc062723c751e8b465ee728b)
Start importing Assets/Script/PhysicsShapeContainer.cs using Guid(674d95de11d0b4d43a42eeab87198a3c) Importer(815301076,1909f56bfc062723c751e8b465ee728b)  -> (artifact id: '950336fa640fe0d3165163d9e95f26df') in 0.006372 seconds
  Import took 0.010799 seconds .

========================================================================
Received Prepare
Registering precompiled user dll's ...
Registered in 0.000745 seconds.
Begin MonoManager ReloadAssembly
Native extension for WindowsStandalone target not found
Refreshing native plugins compatible for Editor in 0.27 ms, found 0 plugins.
Preloading 0 native plugins for Editor in 0.00 ms.
Invoked RoslynAnalysisRunner static constructor.
RoslynAnalysisRunner will not be running.
RoslynAnalysisRunner has terminated.
Mono: successfully reloaded assembly
- Completed reload, in  0.903 seconds
Platform modules already initialized, skipping
Refreshing native plugins compatible for Editor in 0.41 ms, found 0 plugins.
Preloading 0 native plugins for Editor in 0.00 ms.
Unloading 1299 Unused Serialized files (Serialized files now loaded: 0)
System memory in use before: 68.2 MB.
System memory in use after: 68.3 MB.

Unloading 4 unused Assets to reduce memory usage. Loaded Objects now: 1782.
Total: 2.242400 ms (FindLiveObjects: 0.313500 ms CreateObjectMapping: 0.153800 ms MarkObjects: 1.758200 ms  DeleteObjects: 0.015500 ms)

========================================================================
Received Import Request.
  Time since last request: 422.311174 seconds.
  path: Assets/Script/PhysicsShapeContainer.cs
  artifactKey: Guid(674d95de11d0b4d43a42eeab87198a3c) Importer(815301076,1909f56bfc062723c751e8b465ee728b)
Start importing Assets/Script/PhysicsShapeContainer.cs using Guid(674d95de11d0b4d43a42eeab87198a3c) Importer(815301076,1909f56bfc062723c751e8b465ee728b)  -> (artifact id: 'f64dc408d276970b80e209a37b4985e0') in 0.004590 seconds
  Import took 0.008098 seconds .

========================================================================
Received Prepare
Registering precompiled user dll's ...
Registered in 0.000668 seconds.
Begin MonoManager ReloadAssembly
Native extension for WindowsStandalone target not found
Refreshing native plugins compatible for Editor in 0.26 ms, found 0 plugins.
Preloading 0 native plugins for Editor in 0.00 ms.
Invoked RoslynAnalysisRunner static constructor.
RoslynAnalysisRunner will not be running.
RoslynAnalysisRunner has terminated.
Mono: successfully reloaded assembly
- Completed reload, in  0.908 seconds
Platform modules already initialized, skipping
Refreshing native plugins compatible for Editor in 0.24 ms, found 0 plugins.
Preloading 0 native plugins for Editor in 0.00 ms.
Unloading 1299 Unused Serialized files (Serialized files now loaded: 0)
System memory in use before: 68.3 MB.
System memory in use after: 68.4 MB.

Unloading 4 unused Assets to reduce memory usage. Loaded Objects now: 1784.
Total: 2.093400 ms (FindLiveObjects: 0.173500 ms CreateObjectMapping: 0.047400 ms MarkObjects: 1.846000 ms  DeleteObjects: 0.024900 ms)

========================================================================
Received Prepare
Registering precompiled user dll's ...
Registered in 0.000745 seconds.
Begin MonoManager ReloadAssembly
Native extension for WindowsStandalone target not found
Refreshing native plugins compatible for Editor in 0.24 ms, found 0 plugins.
Preloading 0 native plugins for Editor in 0.00 ms.
Invoked RoslynAnalysisRunner static constructor.
RoslynAnalysisRunner will not be running.
RoslynAnalysisRunner has terminated.
Mono: successfully reloaded assembly
- Completed reload, in  0.882 seconds
Platform modules already initialized, skipping
Refreshing native plugins compatible for Editor in 0.24 ms, found 0 plugins.
Preloading 0 native plugins for Editor in 0.00 ms.
Unloading 1299 Unused Serialized files (Serialized files now loaded: 0)
System memory in use before: 68.3 MB.
System memory in use after: 68.4 MB.

Unloading 4 unused Assets to reduce memory usage. Loaded Objects now: 1786.
Total: 2.471800 ms (FindLiveObjects: 0.240600 ms CreateObjectMapping: 0.124600 ms MarkObjects: 2.062200 ms  DeleteObjects: 0.043000 ms)

AssetImportWorkerClient::OnTransportError - code=2 error=End of file
